  Mat3.cpp
  Vec3.cpp
  PhysicsEngine.cpp
D:\DiskDocuments\VisualStudiosProjects\ConstraintPhysics\Math\Mat3.cpp(1,10): warning C4067:  unexpected tokens following preprocessor directive - expected a newline
D:\DiskDocuments\VisualStudiosProjects\ConstraintPhysics\Physics\RigidBody.h(46,26): warning C4099:  'phyz::ConvexPoly': type name first seen using 'struct' now seen using 'class'
D:\DiskDocuments\VisualStudiosProjects\ConstraintPhysics\Physics\RigidBody.h(19): message :  see declaration of 'phyz::ConvexPoly'
D:\DiskDocuments\VisualStudiosProjects\ConstraintPhysics\Physics\RigidBody.h(63,26): warning C4099:  'phyz::ConvexPoly': type name first seen using 'struct' now seen using 'class'
D:\DiskDocuments\VisualStudiosProjects\ConstraintPhysics\Physics\RigidBody.h(19): message :  see declaration of 'phyz::ConvexPoly'
D:\DiskDocuments\VisualStudiosProjects\ConstraintPhysics\Physics\PhysicsEngine.cpp(8,25): warning C4267:  'initializing': conversion from 'size_t' to 'int', possible loss of data
  RigidBody.cpp
D:\DiskDocuments\VisualStudiosProjects\ConstraintPhysics\Physics\PhysicsEngine.cpp(65,33): warning C4267:  'initializing': conversion from 'size_t' to 'int', possible loss of data
D:\DiskDocuments\VisualStudiosProjects\ConstraintPhysics\Physics\RigidBody.h(46,26): warning C4099:  'phyz::ConvexPoly': type name first seen using 'struct' now seen using 'class'
D:\DiskDocuments\VisualStudiosProjects\ConstraintPhysics\Physics\RigidBody.h(19): message :  see declaration of 'phyz::ConvexPoly'
D:\DiskDocuments\VisualStudiosProjects\ConstraintPhysics\Physics\RigidBody.h(63,26): warning C4099:  'phyz::ConvexPoly': type name first seen using 'struct' now seen using 'class'
D:\DiskDocuments\VisualStudiosProjects\ConstraintPhysics\Physics\RigidBody.h(19): message :  see declaration of 'phyz::ConvexPoly'
D:\DiskDocuments\VisualStudiosProjects\ConstraintPhysics\Physics\RigidBody.cpp(25,3): warning C4091:  'static ': ignored on left of 'phyz::Pair' when no variable is declared
D:\DiskDocuments\VisualStudiosProjects\ConstraintPhysics\Physics\RigidBody.cpp(30,34): warning C4267:  'initializing': conversion from 'size_t' to 'int', possible loss of data
D:\DiskDocuments\VisualStudiosProjects\ConstraintPhysics\Physics\RigidBody.cpp(60,37): warning C4244:  'argument': conversion from 'unsigned __int64' to 'const double', possible loss of data
D:\DiskDocuments\VisualStudiosProjects\ConstraintPhysics\Physics\RigidBody.cpp(81,3): warning C4091:  'static ': ignored on left of 'phyz::ExtremaInfo' when no variable is declared
D:\DiskDocuments\VisualStudiosProjects\ConstraintPhysics\Physics\RigidBody.cpp(104,3): warning C4091:  'static ': ignored on left of 'phyz::ProjP' when no variable is declared
D:\DiskDocuments\VisualStudiosProjects\ConstraintPhysics\Physics\RigidBody.cpp(108,23): warning C4244:  'initializing': conversion from 'double' to 'int', possible loss of data
D:\DiskDocuments\VisualStudiosProjects\ConstraintPhysics\Physics\RigidBody.cpp(109,23): warning C4244:  'initializing': conversion from 'double' to 'int', possible loss of data
D:\DiskDocuments\VisualStudiosProjects\ConstraintPhysics\Physics\RigidBody.cpp(316,75): warning C4267:  'initializing': conversion from 'size_t' to 'int', possible loss of data
D:\DiskDocuments\VisualStudiosProjects\ConstraintPhysics\Physics\RigidBody.cpp(317,66): warning C4267:  'initializing': conversion from 'size_t' to 'int', possible loss of data
D:\DiskDocuments\VisualStudiosProjects\ConstraintPhysics\Physics\RigidBody.cpp(471,30): warning C4267:  'return': conversion from 'size_t' to 'int', possible loss of data
D:\DiskDocuments\VisualStudiosProjects\ConstraintPhysics\Physics\RigidBody.cpp(477,11): warning C4477:  'printf' : format string '%d' requires an argument of type 'int', but variadic argument 2 has type 'unsigned __int64'
D:\DiskDocuments\VisualStudiosProjects\ConstraintPhysics\Physics\RigidBody.cpp(477,11): message :  consider using '%zd' in the format string
D:\DiskDocuments\VisualStudiosProjects\ConstraintPhysics\Physics\RigidBody.cpp(515,3): warning C4091:  'static ': ignored on left of 'phyz::IntrgVals' when no variable is declared
D:\DiskDocuments\VisualStudiosProjects\ConstraintPhysics\Physics\RigidBody.cpp(517,30): warning C4091:  'static ': ignored on left of 'phyz::Axis' when no variable is declared
  main.cpp
D:\DiskDocuments\VisualStudiosProjects\ConstraintPhysics\Physics\RigidBody.cpp(518,36): warning C4091:  'static ': ignored on left of 'phyz::MappedAxis' when no variable is declared
D:\DiskDocuments\VisualStudiosProjects\ConstraintPhysics\Physics\RigidBody.h(46,26): warning C4099:  'phyz::ConvexPoly': type name first seen using 'struct' now seen using 'class'
D:\DiskDocuments\VisualStudiosProjects\ConstraintPhysics\Physics\RigidBody.h(19): message :  see declaration of 'phyz::ConvexPoly'
D:\DiskDocuments\VisualStudiosProjects\ConstraintPhysics\Physics\RigidBody.h(63,26): warning C4099:  'phyz::ConvexPoly': type name first seen using 'struct' now seen using 'class'
  Generating Code...
D:\DiskDocuments\VisualStudiosProjects\ConstraintPhysics\Physics\RigidBody.h(19): message :  see declaration of 'phyz::ConvexPoly'
D:\DiskDocuments\VisualStudiosProjects\ConstraintPhysics\Physics\RigidBody.cpp(550): warning C4715:  'phyz::getAxisVal': not all control paths return a value
  ConstraintPhysics.vcxproj -> D:\DiskDocuments\VisualStudiosProjects\ConstraintPhysics\x64\Debug\ConstraintPhysics.exe
