  main.cpp
C:\dev\ConstraintPhysics\Demo\src\renderer\Mat4.h(14,24): warning C4244: '=': conversion from 'const double' to 'float', possible loss of data
C:\dev\ConstraintPhysics\Demo\src\renderer\Mat4.h(32,22): warning C4244: '=': conversion from 'double' to 'float', possible loss of data
C:\dev\ConstraintPhysics\Demo\src\renderer\Mat4.h(33,22): warning C4244: '=': conversion from 'double' to 'float', possible loss of data
C:\dev\ConstraintPhysics\Demo\src\renderer\Mat4.h(34,22): warning C4244: '=': conversion from 'double' to 'float', possible loss of data
C:\dev\ConstraintPhysics\Demo\src\renderer\Mat4.h(41,35): warning C4244: '=': conversion from 'double' to 'float', possible loss of data
C:\dev\ConstraintPhysics\Demo\src\renderer\Mat4.h(42,35): warning C4244: '=': conversion from 'double' to 'float', possible loss of data
C:\dev\ConstraintPhysics\Demo\src\renderer\Mat4.h(43,35): warning C4244: '=': conversion from 'double' to 'float', possible loss of data
C:\dev\ConstraintPhysics\Demo\src\renderer\Mat4.h(64,52): warning C4244: '=': conversion from 'double' to 'float', possible loss of data
C:\dev\ConstraintPhysics\Demo\src\renderer\Mat4.h(65,21): warning C4244: '=': conversion from 'double' to 'float', possible loss of data
C:\dev\ConstraintPhysics\Demo\src\renderer\Mat4.h(66,23): warning C4244: '=': conversion from 'double' to 'float', possible loss of data
C:\dev\ConstraintPhysics\Demo\src\renderer\Mat4.h(66,65): warning C4244: '=': conversion from 'double' to 'float', possible loss of data
C:\dev\ConstraintPhysics\Demo\src\renderer\Mat4.h(96,24): warning C4244: '=': conversion from 'double' to 'float', possible loss of data
C:\dev\ConstraintPhysics\ConstraintPhysics\src\ConstraintSolver.h(20): warning C4091: 'static ': ignored on left of 'phyz::Constraint::VelVec' when no variable is declared
C:\dev\ConstraintPhysics\ConstraintPhysics\src\ContactCache.h(43,1): warning C4267: 'return': conversion from 'size_t' to 'int', possible loss of data
C:\dev\ConstraintPhysics\ConstraintPhysics\src\PhysicsEngine.h(23,22): warning C4267: 'return': conversion from 'size_t' to 'int', possible loss of data
C:\dev\ConstraintPhysics\Demo\src\main.cpp(24,2): warning C4091: 'static ': ignored on left of 'Mesh' when no variable is declared
C:\dev\ConstraintPhysics\Demo\src\main.cpp(61,93): warning C4267: 'argument': conversion from 'size_t' to 'unsigned int', possible loss of data
C:\dev\ConstraintPhysics\Demo\src\main.cpp(65,12): warning C4244: 'initializing': conversion from 'double' to 'float', possible loss of data
C:\dev\ConstraintPhysics\Demo\src\main.cpp(84,93): warning C4267: 'argument': conversion from 'size_t' to 'unsigned int', possible loss of data
C:\dev\ConstraintPhysics\Demo\src\main.cpp(112,93): warning C4267: 'argument': conversion from 'size_t' to 'unsigned int', possible loss of data
C:\dev\ConstraintPhysics\Demo\src\main.cpp(131,48): warning C4244: 'argument': conversion from 'double' to 'float', possible loss of data
C:\dev\ConstraintPhysics\Demo\src\main.cpp(131,42): warning C4244: 'argument': conversion from 'double' to 'float', possible loss of data
C:\dev\ConstraintPhysics\Demo\src\main.cpp(242,51): warning C4244: 'argument': conversion from 'double' to 'float', possible loss of data
C:\dev\ConstraintPhysics\Demo\src\main.cpp(242,47): warning C4244: 'argument': conversion from 'double' to 'float', possible loss of data
C:\dev\ConstraintPhysics\Demo\src\main.cpp(242,43): warning C4244: 'argument': conversion from 'double' to 'float', possible loss of data
C:\dev\ConstraintPhysics\Demo\src\main.cpp(242,88): warning C4244: 'argument': conversion from 'double' to 'float', possible loss of data
C:\dev\ConstraintPhysics\Demo\src\main.cpp(242,84): warning C4244: 'argument': conversion from 'double' to 'float', possible loss of data
C:\dev\ConstraintPhysics\Demo\src\main.cpp(242,80): warning C4244: 'argument': conversion from 'double' to 'float', possible loss of data
C:\dev\ConstraintPhysics\Demo\src\main.cpp(242,72): warning C4244: 'argument': conversion from 'double' to 'float', possible loss of data
C:\dev\ConstraintPhysics\Demo\src\main.cpp(257,51): warning C4244: 'argument': conversion from 'double' to 'float', possible loss of data
C:\dev\ConstraintPhysics\Demo\src\main.cpp(257,47): warning C4244: 'argument': conversion from 'double' to 'float', possible loss of data
C:\dev\ConstraintPhysics\Demo\src\main.cpp(257,43): warning C4244: 'argument': conversion from 'double' to 'float', possible loss of data
C:\dev\ConstraintPhysics\Demo\src\main.cpp(257,88): warning C4244: 'argument': conversion from 'double' to 'float', possible loss of data
C:\dev\ConstraintPhysics\Demo\src\main.cpp(257,84): warning C4244: 'argument': conversion from 'double' to 'float', possible loss of data
C:\dev\ConstraintPhysics\Demo\src\main.cpp(257,80): warning C4244: 'argument': conversion from 'double' to 'float', possible loss of data
C:\dev\ConstraintPhysics\Demo\src\main.cpp(257,72): warning C4244: 'argument': conversion from 'double' to 'float', possible loss of data
C:\dev\ConstraintPhysics\Demo\src\main.cpp(257,124): warning C4244: 'argument': conversion from 'double' to 'float', possible loss of data
C:\dev\ConstraintPhysics\Demo\src\main.cpp(257,120): warning C4244: 'argument': conversion from 'double' to 'float', possible loss of data
C:\dev\ConstraintPhysics\Demo\src\main.cpp(257,116): warning C4244: 'argument': conversion from 'double' to 'float', possible loss of data
C:\dev\ConstraintPhysics\Demo\src\main.cpp(257,108): warning C4244: 'argument': conversion from 'double' to 'float', possible loss of data
C:\dev\ConstraintPhysics\Demo\src\main.cpp(274,51): warning C4244: 'argument': conversion from 'double' to 'float', possible loss of data
C:\dev\ConstraintPhysics\Demo\src\main.cpp(274,47): warning C4244: 'argument': conversion from 'double' to 'float', possible loss of data
C:\dev\ConstraintPhysics\Demo\src\main.cpp(274,43): warning C4244: 'argument': conversion from 'double' to 'float', possible loss of data
C:\dev\ConstraintPhysics\Demo\src\main.cpp(274,91): warning C4244: 'argument': conversion from 'double' to 'float', possible loss of data
C:\dev\ConstraintPhysics\Demo\src\main.cpp(274,86): warning C4244: 'argument': conversion from 'double' to 'float', possible loss of data
C:\dev\ConstraintPhysics\Demo\src\main.cpp(274,80): warning C4244: 'argument': conversion from 'double' to 'float', possible loss of data
C:\dev\ConstraintPhysics\Demo\src\main.cpp(274,72): warning C4244: 'argument': conversion from 'double' to 'float', possible loss of data
C:\dev\ConstraintPhysics\Demo\src\main.cpp(274,141): warning C4244: 'argument': conversion from 'double' to 'float', possible loss of data
C:\dev\ConstraintPhysics\Demo\src\main.cpp(274,131): warning C4244: 'argument': conversion from 'double' to 'float', possible loss of data
C:\dev\ConstraintPhysics\Demo\src\main.cpp(274,125): warning C4244: 'argument': conversion from 'double' to 'float', possible loss of data
C:\dev\ConstraintPhysics\Demo\src\main.cpp(274,111): warning C4244: 'argument': conversion from 'double' to 'float', possible loss of data
  main_old.cpp
C:\dev\ConstraintPhysics\ConstraintPhysics\src\ConstraintSolver.h(20): warning C4091: 'static ': ignored on left of 'phyz::Constraint::VelVec' when no variable is declared
C:\dev\ConstraintPhysics\ConstraintPhysics\src\ContactCache.h(43,1): warning C4267: 'return': conversion from 'size_t' to 'int', possible loss of data
C:\dev\ConstraintPhysics\ConstraintPhysics\src\PhysicsEngine.h(23,22): warning C4267: 'return': conversion from 'size_t' to 'int', possible loss of data
C:\dev\ConstraintPhysics\Demo\src\renderer\Mat4.h(14,24): warning C4244: '=': conversion from 'const double' to 'float', possible loss of data
C:\dev\ConstraintPhysics\Demo\src\renderer\Mat4.h(32,22): warning C4244: '=': conversion from 'double' to 'float', possible loss of data
C:\dev\ConstraintPhysics\Demo\src\renderer\Mat4.h(33,22): warning C4244: '=': conversion from 'double' to 'float', possible loss of data
C:\dev\ConstraintPhysics\Demo\src\renderer\Mat4.h(34,22): warning C4244: '=': conversion from 'double' to 'float', possible loss of data
C:\dev\ConstraintPhysics\Demo\src\renderer\Mat4.h(41,35): warning C4244: '=': conversion from 'double' to 'float', possible loss of data
C:\dev\ConstraintPhysics\Demo\src\renderer\Mat4.h(42,35): warning C4244: '=': conversion from 'double' to 'float', possible loss of data
C:\dev\ConstraintPhysics\Demo\src\renderer\Mat4.h(43,35): warning C4244: '=': conversion from 'double' to 'float', possible loss of data
C:\dev\ConstraintPhysics\Demo\src\renderer\Mat4.h(64,52): warning C4244: '=': conversion from 'double' to 'float', possible loss of data
C:\dev\ConstraintPhysics\Demo\src\renderer\Mat4.h(65,21): warning C4244: '=': conversion from 'double' to 'float', possible loss of data
C:\dev\ConstraintPhysics\Demo\src\renderer\Mat4.h(66,23): warning C4244: '=': conversion from 'double' to 'float', possible loss of data
C:\dev\ConstraintPhysics\Demo\src\renderer\Mat4.h(66,65): warning C4244: '=': conversion from 'double' to 'float', possible loss of data
C:\dev\ConstraintPhysics\Demo\src\renderer\Mat4.h(96,24): warning C4244: '=': conversion from 'double' to 'float', possible loss of data
  IndexBuffer.cpp
  Renderer.cpp
C:\dev\ConstraintPhysics\Demo\src\renderer\Mat4.h(14,24): warning C4244: '=': conversion from 'const double' to 'float', possible loss of data
C:\dev\ConstraintPhysics\Demo\src\renderer\Mat4.h(32,22): warning C4244: '=': conversion from 'double' to 'float', possible loss of data
C:\dev\ConstraintPhysics\Demo\src\renderer\Mat4.h(33,22): warning C4244: '=': conversion from 'double' to 'float', possible loss of data
C:\dev\ConstraintPhysics\Demo\src\renderer\Mat4.h(34,22): warning C4244: '=': conversion from 'double' to 'float', possible loss of data
C:\dev\ConstraintPhysics\Demo\src\renderer\Mat4.h(41,35): warning C4244: '=': conversion from 'double' to 'float', possible loss of data
C:\dev\ConstraintPhysics\Demo\src\renderer\Mat4.h(42,35): warning C4244: '=': conversion from 'double' to 'float', possible loss of data
C:\dev\ConstraintPhysics\Demo\src\renderer\Mat4.h(43,35): warning C4244: '=': conversion from 'double' to 'float', possible loss of data
C:\dev\ConstraintPhysics\Demo\src\renderer\Mat4.h(64,52): warning C4244: '=': conversion from 'double' to 'float', possible loss of data
C:\dev\ConstraintPhysics\Demo\src\renderer\Mat4.h(65,21): warning C4244: '=': conversion from 'double' to 'float', possible loss of data
C:\dev\ConstraintPhysics\Demo\src\renderer\Mat4.h(66,23): warning C4244: '=': conversion from 'double' to 'float', possible loss of data
C:\dev\ConstraintPhysics\Demo\src\renderer\Mat4.h(66,65): warning C4244: '=': conversion from 'double' to 'float', possible loss of data
C:\dev\ConstraintPhysics\Demo\src\renderer\Mat4.h(96,24): warning C4244: '=': conversion from 'double' to 'float', possible loss of data
C:\dev\ConstraintPhysics\Demo\src\renderer\Renderer.cpp(12,57): warning C4091: 'static ': ignored on left of 'rndr::KeyState' when no variable is declared
  Shader.cpp
C:\dev\ConstraintPhysics\Demo\src\renderer\Mat4.h(14,24): warning C4244: '=': conversion from 'const double' to 'float', possible loss of data
C:\dev\ConstraintPhysics\Demo\src\renderer\Mat4.h(32,22): warning C4244: '=': conversion from 'double' to 'float', possible loss of data
C:\dev\ConstraintPhysics\Demo\src\renderer\Mat4.h(33,22): warning C4244: '=': conversion from 'double' to 'float', possible loss of data
C:\dev\ConstraintPhysics\Demo\src\renderer\Mat4.h(34,22): warning C4244: '=': conversion from 'double' to 'float', possible loss of data
C:\dev\ConstraintPhysics\Demo\src\renderer\Mat4.h(41,35): warning C4244: '=': conversion from 'double' to 'float', possible loss of data
C:\dev\ConstraintPhysics\Demo\src\renderer\Mat4.h(42,35): warning C4244: '=': conversion from 'double' to 'float', possible loss of data
C:\dev\ConstraintPhysics\Demo\src\renderer\Mat4.h(43,35): warning C4244: '=': conversion from 'double' to 'float', possible loss of data
C:\dev\ConstraintPhysics\Demo\src\renderer\Mat4.h(64,52): warning C4244: '=': conversion from 'double' to 'float', possible loss of data
C:\dev\ConstraintPhysics\Demo\src\renderer\Mat4.h(65,21): warning C4244: '=': conversion from 'double' to 'float', possible loss of data
C:\dev\ConstraintPhysics\Demo\src\renderer\Mat4.h(66,23): warning C4244: '=': conversion from 'double' to 'float', possible loss of data
C:\dev\ConstraintPhysics\Demo\src\renderer\Mat4.h(66,65): warning C4244: '=': conversion from 'double' to 'float', possible loss of data
C:\dev\ConstraintPhysics\Demo\src\renderer\Mat4.h(96,24): warning C4244: '=': conversion from 'double' to 'float', possible loss of data
  VertexArray.cpp
C:\dev\ConstraintPhysics\Demo\src\renderer\VertexArray.cpp(42,117): warning C4312: 'type cast': conversion from 'unsigned int' to 'const void *' of greater size
  Running Code Analysis for C/C++...
C:\dev\ConstraintPhysics\Demo\src\renderer\Renderer.cpp(12,57): warning C4091: 'static ': ignored on left of 'rndr::KeyState' when no variable is declared
C:\dev\ConstraintPhysics\ConstraintPhysics\src\ConstraintSolver.h(20): warning C4091: 'static ': ignored on left of 'phyz::Constraint::VelVec' when no variable is declared
C:\dev\ConstraintPhysics\ConstraintPhysics\src\ConstraintSolver.h(20): warning C4091: 'static ': ignored on left of 'phyz::Constraint::VelVec' when no variable is declared
C:\dev\ConstraintPhysics\Demo\src\main.cpp(24,2): warning C4091: 'static ': ignored on left of 'Mesh' when no variable is declared
LINK : warning LNK4098: defaultlib 'LIBCMT' conflicts with use of other libs; use /NODEFAULTLIB:library
  Generating code
  Previous IPDB not found, fall back to full compilation.
C:\dev\ConstraintPhysics\ConstraintPhysics\src\RigidBody.cpp(197): warning C4715: 'phyz::getAxisVal': not all control paths return a value
C:\dev\ConstraintPhysics\ConstraintPhysics\src\Octree.h(147): warning C4715: 'Octree<phyz::RigidBody>::getSubAABB': not all control paths return a value
  All 2938 functions were compiled because no usable IPDB/IOBJ from previous compilation was found.
  Finished generating code
glew32s.lib(glew.obj) : warning LNK4099: PDB 'vc120.pdb' was not found with 'glew32s.lib(glew.obj)' or at 'C:\dev\ConstraintPhysics\x64\Release\vc120.pdb'; linking object as if no debug info
LINK : warning LNK4286: symbol '__glewDeleteBuffers' defined in 'glew32s.lib(glew.obj)' is imported by 'IndexBuffer.obj'
LINK : warning LNK4286: symbol '__glewGenBuffers' defined in 'glew32s.lib(glew.obj)' is imported by 'IndexBuffer.obj'
LINK : warning LNK4286: symbol '__glewBufferData' defined in 'glew32s.lib(glew.obj)' is imported by 'IndexBuffer.obj'
LINK : warning LNK4286: symbol '__glewBindBuffer' defined in 'glew32s.lib(glew.obj)' is imported by 'IndexBuffer.obj'
LINK : warning LNK4286: symbol 'glewInit' defined in 'glew32s.lib(glew.obj)' is imported by 'Renderer.obj'
LINK : warning LNK4286: symbol '__glewDebugMessageCallback' defined in 'glew32s.lib(glew.obj)' is imported by 'Renderer.obj'
LINK : warning LNK4286: symbol '__glewUniform4f' defined in 'glew32s.lib(glew.obj)' is imported by 'Shader.obj'
LINK : warning LNK4286: symbol '__glewLinkProgram' defined in 'glew32s.lib(glew.obj)' is imported by 'Shader.obj'
LINK : warning LNK4286: symbol '__glewDeleteShader' defined in 'glew32s.lib(glew.obj)' is imported by 'Shader.obj'
LINK : warning LNK4286: symbol '__glewUniformMatrix4fv' defined in 'glew32s.lib(glew.obj)' is imported by 'Shader.obj'
LINK : warning LNK4286: symbol '__glewShaderSource' defined in 'glew32s.lib(glew.obj)' is imported by 'Shader.obj'
LINK : warning LNK4286: symbol '__glewDeleteProgram' defined in 'glew32s.lib(glew.obj)' is imported by 'Shader.obj'
LINK : warning LNK4286: symbol '__glewAttachShader' defined in 'glew32s.lib(glew.obj)' is imported by 'Shader.obj'
LINK : warning LNK4286: symbol '__glewGetUniformLocation' defined in 'glew32s.lib(glew.obj)' is imported by 'Shader.obj'
LINK : warning LNK4286: symbol '__glewValidateProgram' defined in 'glew32s.lib(glew.obj)' is imported by 'Shader.obj'
LINK : warning LNK4286: symbol '__glewGetShaderInfoLog' defined in 'glew32s.lib(glew.obj)' is imported by 'Shader.obj'
LINK : warning LNK4286: symbol '__glewUniform1i' defined in 'glew32s.lib(glew.obj)' is imported by 'Shader.obj'
LINK : warning LNK4286: symbol '__glewCreateProgram' defined in 'glew32s.lib(glew.obj)' is imported by 'Shader.obj'
LINK : warning LNK4286: symbol '__glewCreateShader' defined in 'glew32s.lib(glew.obj)' is imported by 'Shader.obj'
LINK : warning LNK4286: symbol '__glewCompileShader' defined in 'glew32s.lib(glew.obj)' is imported by 'Shader.obj'
LINK : warning LNK4286: symbol '__glewGetShaderiv' defined in 'glew32s.lib(glew.obj)' is imported by 'Shader.obj'
LINK : warning LNK4286: symbol '__glewUseProgram' defined in 'glew32s.lib(glew.obj)' is imported by 'Shader.obj'
LINK : warning LNK4286: symbol '__glewGenVertexArrays' defined in 'glew32s.lib(glew.obj)' is imported by 'VertexArray.obj'
LINK : warning LNK4286: symbol '__glewDeleteVertexArrays' defined in 'glew32s.lib(glew.obj)' is imported by 'VertexArray.obj'
LINK : warning LNK4286: symbol '__glewVertexAttribPointer' defined in 'glew32s.lib(glew.obj)' is imported by 'VertexArray.obj'
LINK : warning LNK4286: symbol '__glewBindVertexArray' defined in 'glew32s.lib(glew.obj)' is imported by 'VertexArray.obj'
LINK : warning LNK4286: symbol '__glewEnableVertexAttribArray' defined in 'glew32s.lib(glew.obj)' is imported by 'VertexArray.obj'
  Demo.vcxproj -> C:\dev\ConstraintPhysics\x64\Release\Demo.exe
C:\dev\ConstraintPhysics\Demo\src\renderer\Mat4.h(89): warning C26451: Arithmetic overflow: Using operator '*' on a 4 byte value and then casting the result to a 8 byte value. Cast the value to the wider type before calling operator '*' to avoid overflow (io.2).
C:\dev\ConstraintPhysics\ConstraintPhysics\src\AABB.h(20): warning C26498: The function 'std::numeric_limits<double>::infinity' is constexpr, mark variable 'inf' constexpr if compile-time evaluation is desired (con.5).
C:\dev\ConstraintPhysics\ConstraintPhysics\src\ConstraintSolver.h(12): warning C26495: Variable 'phyz::Constraint::b' is uninitialized. Always initialize a member variable (type.6).
C:\dev\ConstraintPhysics\ConstraintPhysics\src\ConstraintSolver.h(43): warning C26495: Variable 'phyz::ContactConstraint::psuedo_target_val' is uninitialized. Always initialize a member variable (type.6).
C:\dev\ConstraintPhysics\ConstraintPhysics\src\ConstraintSolver.h(67): warning C26495: Variable 'phyz::FrictionConstraint::inertia_val' is uninitialized. Always initialize a member variable (type.6).
C:\dev\ConstraintPhysics\ConstraintPhysics\src\PhysicsEngine.h(14): warning C26495: Variable 'phyz::PhysicsEngine::step_time' is uninitialized. Always initialize a member variable (type.6).
C:\dev\ConstraintPhysics\Demo\src\main_old.cpp(21): warning C6255: _alloca indicates failure by raising a stack overflow exception.  Consider using _malloca instead.
C:\dev\ConstraintPhysics\Demo\src\renderer\Shader.cpp(119): warning C6255: _alloca indicates failure by raising a stack overflow exception.  Consider using _malloca instead.
