  PhysicsEngine.cpp
C:\dev\ConstraintPhysics\ConstraintPhysics\src\ConstraintSolver.h(57): warning C4091: 'static ': ignored on left of 'phyz::Constraint::VelVec' when no variable is declared
C:\dev\ConstraintPhysics\ConstraintPhysics\src\PhysicsEngine.h(28,29): warning C4267: 'return': conversion from 'size_t' to 'int', possible loss of data
C:\dev\ConstraintPhysics\ConstraintPhysics\src\PhysicsEngine.cpp(35,40): warning C4244: 'argument': conversion from 'double' to 'int', possible loss of data
C:\dev\ConstraintPhysics\ConstraintPhysics\src\PhysicsEngine.cpp(46,24): warning C4244: 'argument': conversion from 'double' to 'float', possible loss of data
C:\dev\ConstraintPhysics\ConstraintPhysics\src\PhysicsEngine.cpp(123,4): warning C4267: 'argument': conversion from 'size_t' to 'int', possible loss of data
C:\dev\ConstraintPhysics\ConstraintPhysics\src\PhysicsEngine.cpp(305,30): warning C4267: 'initializing': conversion from 'size_t' to 'int', possible loss of data
C:\dev\ConstraintPhysics\ConstraintPhysics\src\Octree.h(14,1): warning C4311: 'type cast': pointer truncation from 'T *' to 'int'
          with
          [
              T=phyz::RigidBody
          ]
C:\dev\ConstraintPhysics\ConstraintPhysics\src\Octree.h(12): message : while compiling class template member function 'phyz::Octree<phyz::RigidBody>::Pair::Pair(T *,T *)'
          with
          [
              T=phyz::RigidBody
          ]
C:\dev\ConstraintPhysics\ConstraintPhysics\src\Octree.h(112): message : see reference to function template instantiation 'phyz::Octree<phyz::RigidBody>::Pair::Pair(T *,T *)' being compiled
          with
          [
              T=phyz::RigidBody
          ]
C:\dev\ConstraintPhysics\ConstraintPhysics\src\PhysicsEngine.cpp(67): message : see reference to class template instantiation 'phyz::Octree<phyz::RigidBody>::Pair' being compiled
C:\dev\ConstraintPhysics\ConstraintPhysics\src\Octree.h(14,1): warning C4302: 'type cast': truncation from 'T *' to 'int'
          with
          [
              T=phyz::RigidBody
          ]
C:\dev\ConstraintPhysics\ConstraintPhysics\src\ThreadManager.h(52,59): warning C4244: 'argument': conversion from 'unsigned __int64' to 'const _Ty', possible loss of data
          with
          [
              _Ty=double
          ]
C:\dev\ConstraintPhysics\ConstraintPhysics\src\PhysicsEngine.cpp(125): message : see reference to function template instantiation 'void phyz::ThreadManager::do_all<phyz::Octree<phyz::RigidBody>::Pair>(int,const std::vector<phyz::Octree<phyz::RigidBody>::Pair,std::allocator<phyz::Octree<phyz::RigidBody>::Pair>> &,const std::function<void (phyz::Octree<phyz::RigidBody>::Pair)> &)' being compiled
C:\dev\ConstraintPhysics\ConstraintPhysics\src\ThreadManager.h(52,15): warning C4244: 'initializing': conversion from 'const _Ty' to 'int', possible loss of data
          with
          [
              _Ty=double
          ]
C:\dev\ConstraintPhysics\ConstraintPhysics\src\Octree.h(29,1): warning C4311: 'type cast': pointer truncation from 'T *const ' to 'int'
          with
          [
              T=phyz::RigidBody
          ]
C:\dev\ConstraintPhysics\ConstraintPhysics\src\Octree.h(28): message : while compiling class template member function 'bool phyz::Octree<phyz::RigidBody>::Pair::operator <(const phyz::Octree<phyz::RigidBody>::Pair &) const'
C:\Program Files\Microsoft Visual Studio\2022\Community\VC\Tools\MSVC\14.32.31326\include\xstddef(117): message : see reference to function template instantiation 'bool phyz::Octree<phyz::RigidBody>::Pair::operator <(const phyz::Octree<phyz::RigidBody>::Pair &) const' being compiled
C:\dev\ConstraintPhysics\ConstraintPhysics\src\Octree.h(29,1): warning C4302: 'type cast': truncation from 'T *const ' to 'int'
          with
          [
              T=phyz::RigidBody
          ]
C:\dev\ConstraintPhysics\ConstraintPhysics\src\Octree.h(32,1): warning C4311: 'type cast': pointer truncation from 'T *const ' to 'int'
          with
          [
              T=phyz::RigidBody
          ]
C:\dev\ConstraintPhysics\ConstraintPhysics\src\Octree.h(32,1): warning C4302: 'type cast': truncation from 'T *const ' to 'int'
          with
          [
              T=phyz::RigidBody
          ]
C:\dev\ConstraintPhysics\ConstraintPhysics\src\Octree.h(36,1): warning C4311: 'type cast': pointer truncation from 'T *const ' to 'int'
          with
          [
              T=phyz::RigidBody
          ]
C:\dev\ConstraintPhysics\ConstraintPhysics\src\Octree.h(36,1): warning C4302: 'type cast': truncation from 'T *const ' to 'int'
          with
          [
              T=phyz::RigidBody
          ]
C:\dev\ConstraintPhysics\ConstraintPhysics\src\Octree.h(148): warning C4715: 'phyz::Octree<phyz::RigidBody>::getSubAABB': not all control paths return a value
  ConstraintPhysics.vcxproj -> C:\dev\ConstraintPhysics\x64\Debug\ConstraintPhysics.lib
