  main.cpp
C:\dev\ConstraintPhysics\Demo\src\renderer\Mat4.h(14,24): warning C4244: '=': conversion from 'const double' to 'float', possible loss of data
C:\dev\ConstraintPhysics\Demo\src\renderer\Mat4.h(32,22): warning C4244: '=': conversion from 'double' to 'float', possible loss of data
C:\dev\ConstraintPhysics\Demo\src\renderer\Mat4.h(33,22): warning C4244: '=': conversion from 'double' to 'float', possible loss of data
C:\dev\ConstraintPhysics\Demo\src\renderer\Mat4.h(34,22): warning C4244: '=': conversion from 'double' to 'float', possible loss of data
C:\dev\ConstraintPhysics\Demo\src\renderer\Mat4.h(41,35): warning C4244: '=': conversion from 'double' to 'float', possible loss of data
C:\dev\ConstraintPhysics\Demo\src\renderer\Mat4.h(42,35): warning C4244: '=': conversion from 'double' to 'float', possible loss of data
C:\dev\ConstraintPhysics\Demo\src\renderer\Mat4.h(43,35): warning C4244: '=': conversion from 'double' to 'float', possible loss of data
C:\dev\ConstraintPhysics\Demo\src\renderer\Mat4.h(64,52): warning C4244: '=': conversion from 'double' to 'float', possible loss of data
C:\dev\ConstraintPhysics\Demo\src\renderer\Mat4.h(65,21): warning C4244: '=': conversion from 'double' to 'float', possible loss of data
C:\dev\ConstraintPhysics\Demo\src\renderer\Mat4.h(66,23): warning C4244: '=': conversion from 'double' to 'float', possible loss of data
C:\dev\ConstraintPhysics\Demo\src\renderer\Mat4.h(66,65): warning C4244: '=': conversion from 'double' to 'float', possible loss of data
C:\dev\ConstraintPhysics\Demo\src\renderer\Mat4.h(96,24): warning C4244: '=': conversion from 'double' to 'float', possible loss of data
C:\dev\ConstraintPhysics\ConstraintPhysics\src\ConstraintSolver.h(37): warning C4091: 'static ': ignored on left of 'phyz::Constraint::VelVec' when no variable is declared
C:\dev\ConstraintPhysics\ConstraintPhysics\src\PhysicsEngine.h(29,22): warning C4267: 'return': conversion from 'size_t' to 'int', possible loss of data
C:\dev\ConstraintPhysics\Demo\src\main.cpp(24,2): warning C4091: 'static ': ignored on left of 'Mesh' when no variable is declared
C:\dev\ConstraintPhysics\Demo\src\main.cpp(61,93): warning C4267: 'argument': conversion from 'size_t' to 'unsigned int', possible loss of data
C:\dev\ConstraintPhysics\Demo\src\main.cpp(65,12): warning C4244: 'initializing': conversion from 'double' to 'float', possible loss of data
C:\dev\ConstraintPhysics\Demo\src\main.cpp(84,93): warning C4267: 'argument': conversion from 'size_t' to 'unsigned int', possible loss of data
C:\dev\ConstraintPhysics\Demo\src\main.cpp(112,93): warning C4267: 'argument': conversion from 'size_t' to 'unsigned int', possible loss of data
C:\dev\ConstraintPhysics\Demo\src\main.cpp(131,48): warning C4244: 'argument': conversion from 'double' to 'float', possible loss of data
C:\dev\ConstraintPhysics\Demo\src\main.cpp(131,42): warning C4244: 'argument': conversion from 'double' to 'float', possible loss of data
C:\dev\ConstraintPhysics\Demo\src\main.cpp(240,51): warning C4244: 'argument': conversion from 'double' to 'float', possible loss of data
C:\dev\ConstraintPhysics\Demo\src\main.cpp(240,47): warning C4244: 'argument': conversion from 'double' to 'float', possible loss of data
C:\dev\ConstraintPhysics\Demo\src\main.cpp(240,43): warning C4244: 'argument': conversion from 'double' to 'float', possible loss of data
C:\dev\ConstraintPhysics\Demo\src\main.cpp(240,88): warning C4244: 'argument': conversion from 'double' to 'float', possible loss of data
C:\dev\ConstraintPhysics\Demo\src\main.cpp(240,84): warning C4244: 'argument': conversion from 'double' to 'float', possible loss of data
C:\dev\ConstraintPhysics\Demo\src\main.cpp(240,80): warning C4244: 'argument': conversion from 'double' to 'float', possible loss of data
C:\dev\ConstraintPhysics\Demo\src\main.cpp(240,72): warning C4244: 'argument': conversion from 'double' to 'float', possible loss of data
C:\dev\ConstraintPhysics\Demo\src\main.cpp(254,51): warning C4244: 'argument': conversion from 'double' to 'float', possible loss of data
C:\dev\ConstraintPhysics\Demo\src\main.cpp(254,47): warning C4244: 'argument': conversion from 'double' to 'float', possible loss of data
C:\dev\ConstraintPhysics\Demo\src\main.cpp(254,43): warning C4244: 'argument': conversion from 'double' to 'float', possible loss of data
C:\dev\ConstraintPhysics\Demo\src\main.cpp(254,88): warning C4244: 'argument': conversion from 'double' to 'float', possible loss of data
C:\dev\ConstraintPhysics\Demo\src\main.cpp(254,84): warning C4244: 'argument': conversion from 'double' to 'float', possible loss of data
C:\dev\ConstraintPhysics\Demo\src\main.cpp(254,80): warning C4244: 'argument': conversion from 'double' to 'float', possible loss of data
C:\dev\ConstraintPhysics\Demo\src\main.cpp(254,72): warning C4244: 'argument': conversion from 'double' to 'float', possible loss of data
C:\dev\ConstraintPhysics\Demo\src\main.cpp(254,124): warning C4244: 'argument': conversion from 'double' to 'float', possible loss of data
C:\dev\ConstraintPhysics\Demo\src\main.cpp(254,120): warning C4244: 'argument': conversion from 'double' to 'float', possible loss of data
C:\dev\ConstraintPhysics\Demo\src\main.cpp(254,116): warning C4244: 'argument': conversion from 'double' to 'float', possible loss of data
C:\dev\ConstraintPhysics\Demo\src\main.cpp(254,108): warning C4244: 'argument': conversion from 'double' to 'float', possible loss of data
C:\dev\ConstraintPhysics\Demo\src\main.cpp(271,51): warning C4244: 'argument': conversion from 'double' to 'float', possible loss of data
C:\dev\ConstraintPhysics\Demo\src\main.cpp(271,47): warning C4244: 'argument': conversion from 'double' to 'float', possible loss of data
C:\dev\ConstraintPhysics\Demo\src\main.cpp(271,43): warning C4244: 'argument': conversion from 'double' to 'float', possible loss of data
C:\dev\ConstraintPhysics\Demo\src\main.cpp(271,91): warning C4244: 'argument': conversion from 'double' to 'float', possible loss of data
C:\dev\ConstraintPhysics\Demo\src\main.cpp(271,86): warning C4244: 'argument': conversion from 'double' to 'float', possible loss of data
C:\dev\ConstraintPhysics\Demo\src\main.cpp(271,80): warning C4244: 'argument': conversion from 'double' to 'float', possible loss of data
C:\dev\ConstraintPhysics\Demo\src\main.cpp(271,72): warning C4244: 'argument': conversion from 'double' to 'float', possible loss of data
C:\dev\ConstraintPhysics\Demo\src\main.cpp(271,141): warning C4244: 'argument': conversion from 'double' to 'float', possible loss of data
C:\dev\ConstraintPhysics\Demo\src\main.cpp(271,131): warning C4244: 'argument': conversion from 'double' to 'float', possible loss of data
C:\dev\ConstraintPhysics\Demo\src\main.cpp(271,125): warning C4244: 'argument': conversion from 'double' to 'float', possible loss of data
C:\dev\ConstraintPhysics\Demo\src\main.cpp(271,111): warning C4244: 'argument': conversion from 'double' to 'float', possible loss of data
C:\dev\ConstraintPhysics\Demo\src\main.cpp(290,49): warning C4244: 'argument': conversion from 'double' to 'float', possible loss of data
C:\dev\ConstraintPhysics\Demo\src\main.cpp(290,46): warning C4244: 'argument': conversion from 'double' to 'float', possible loss of data
C:\dev\ConstraintPhysics\Demo\src\main.cpp(290,43): warning C4244: 'argument': conversion from 'double' to 'float', possible loss of data
C:\dev\ConstraintPhysics\Demo\src\main.cpp(297,49): warning C4244: 'argument': conversion from 'double' to 'float', possible loss of data
C:\dev\ConstraintPhysics\Demo\src\main.cpp(297,46): warning C4244: 'argument': conversion from 'double' to 'float', possible loss of data
C:\dev\ConstraintPhysics\Demo\src\main.cpp(297,43): warning C4244: 'argument': conversion from 'double' to 'float', possible loss of data
  Demo.vcxproj -> C:\dev\ConstraintPhysics\x64\Debug\Demo.exe
